-------------------------------------------------------------------------------
Test set: edu.louisville.hashiwokakero.hashi.DFSConnectorTest
-------------------------------------------------------------------------------
Tests run: 1, Failures: 1, Errors: 0, Skipped: 0, Time elapsed: 0 s <<< FAILURE! - in edu.louisville.hashiwokakero.hashi.DFSConnectorTest
connects_4Island_Complex  Time elapsed: 0 s  <<< FAILURE!
org.opentest4j.AssertionFailedError: expected: <4> but was: <0>
	at edu.louisville.hashiwokakero.hashi.DFSConnectorTest.connects_4Island_Complex(DFSConnectorTest.java:32)

